
May 27, 2020 04:12:03 pm : (run Query database) : SQLSTATE[23000]: Integrity constraint violation: 1062 Duplicate entry 'admin@magazine.com' for key 'email'
May 27, 2020 04:13:34 pm : (run Query database) : SQLSTATE[23000]: Integrity constraint violation: 1062 Duplicate entry 'admin@magazine.com' for key 'email'
May 27, 2020 09:18:07 pm : (addData) : SQLSTATE[42S02]: Base table or view not found: 1146 Table 'khwopa.categories' doesn't exist
May 27, 2020 09:30:15 pm : (addData) : SQLSTATE[42S22]: Column not found: 1054 Unknown column 'email' in 'field list'
May 27, 2020 09:33:10 pm : (addData) : SQLSTATE[42S22]: Column not found: 1054 Unknown column 'email' in 'field list'
May 27, 2020 09:33:14 pm : (addData) : SQLSTATE[42S22]: Column not found: 1054 Unknown column 'email' in 'field list'
May 27, 2020 09:33:23 pm : (addData) : SQLSTATE[42S22]: Column not found: 1054 Unknown column 'email' in 'field list'
May 28, 2020 07:48:15 pm : (run Query database) : SQLSTATE[23000]: Integrity constraint violation: 1062 Duplicate entry 'admin@magazine.com' for key 'email'
May 28, 2020 07:49:31 pm : (run Query database) : SQLSTATE[23000]: Integrity constraint violation: 1062 Duplicate entry 'admin@magazine.com' for key 'email'
May 28, 2020 08:47:25 pm : (addData) : SQLSTATE[42S02]: Base table or view not found: 1146 Table 'khwopa.blogs' doesn't exist
May 28, 2020 08:49:12 pm : (addData) : SQLSTATE[42S02]: Base table or view not found: 1146 Table 'khwopa.blogs' doesn't exist
May 28, 2020 08:50:14 pm : (addData) : SQLSTATE[42S22]: Column not found: 1054 Unknown column 'categoryid' in 'field list'
May 28, 2020 08:51:41 pm : (addData) : SQLSTATE[42S02]: Base table or view not found: 1146 Table 'khwopa.categories' doesn't exist
May 28, 2020 08:55:50 pm : (addData) : SQLSTATE[42S02]: Base table or view not found: 1146 Table 'khwopa.categories' doesn't exist
May 28, 2020 08:58:11 pm : (addData) : SQLSTATE[42S02]: Base table or view not found: 1146 Table 'khwopa.categories' doesn't exist
May 28, 2020 08:58:17 pm : (addData) : SQLSTATE[42S22]: Column not found: 1054 Unknown column 'categoryid' in 'field list'
May 28, 2020 08:59:58 pm : (run Query database) : SQLSTATE[23000]: Integrity constraint violation: 1062 Duplicate entry 'admin@magazine.com' for key 'email'
May 28, 2020 09:00:17 pm : (addData) : SQLSTATE[42S02]: Base table or view not found: 1146 Table 'khwopa.categories' doesn't exist
May 28, 2020 09:02:26 pm : (addData) : SQLSTATE[42S02]: Base table or view not found: 1146 Table 'khwopa.categories' doesn't exist
May 28, 2020 09:03:05 pm : (addData) : SQLSTATE[42S02]: Base table or view not found: 1146 Table 'khwopa.categories' doesn't exist
May 28, 2020 09:04:47 pm : (addData) : SQLSTATE[42S02]: Base table or view not found: 1146 Table 'khwopa.categories' doesn't exist
May 28, 2020 09:05:50 pm : (addData) : SQLSTATE[42S02]: Base table or view not found: 1146 Table 'khwopa.categories' doesn't exist
May 28, 2020 09:07:58 pm : (addData) : SQLSTATE[42S22]: Column not found: 1054 Unknown column 'categoryid' in 'field list'
May 28, 2020 09:16:46 pm : (addData) : SQLSTATE[42S22]: Column not found: 1054 Unknown column 'categoryid' in 'field list'
May 28, 2020 09:19:33 pm : (addData) : SQLSTATE[42S22]: Column not found: 1054 Unknown column 'categoryid' in 'field list'
May 28, 2020 09:20:01 pm : (addData) : SQLSTATE[42S22]: Column not found: 1054 Unknown column 'categoryid' in 'field list'
May 28, 2020 09:21:07 pm : (addData) : SQLSTATE[42S22]: Column not found: 1054 Unknown column 'categoryid' in 'field list'
May 28, 2020 09:23:08 pm : (addData) : SQLSTATE[42S22]: Column not found: 1054 Unknown column 'categoryid' in 'field list'
May 28, 2020 09:23:20 pm : (addData) : SQLSTATE[42S22]: Column not found: 1054 Unknown column 'categoryid' in 'field list'
May 28, 2020 09:24:06 pm : (addData) : SQLSTATE[42S22]: Column not found: 1054 Unknown column 'categoryid' in 'field list'
May 28, 2020 09:25:22 pm : (run Query database) : SQLSTATE[23000]: Integrity constraint violation: 1062 Duplicate entry 'admin@magazine.com' for key 'email'
May 28, 2020 09:26:12 pm : (addData) : SQLSTATE[42S22]: Column not found: 1054 Unknown column 'categoryid' in 'field list'
May 28, 2020 09:26:28 pm : (addData) : SQLSTATE[42S22]: Column not found: 1054 Unknown column 'categoryid' in 'field list'
May 28, 2020 09:27:41 pm : (addData) : SQLSTATE[42S22]: Column not found: 1054 Unknown column 'categoryid' in 'field list'
May 28, 2020 09:28:05 pm : (addData) : SQLSTATE[42S22]: Column not found: 1054 Unknown column 'categoryid' in 'field list'
May 28, 2020 09:28:34 pm : (addData) : SQLSTATE[42S22]: Column not found: 1054 Unknown column 'categoryid' in 'field list'
May 28, 2020 09:30:32 pm : (run Query database) : SQLSTATE[23000]: Integrity constraint violation: 1062 Duplicate entry 'admin@magazine.com' for key 'email'
May 28, 2020 09:51:49 pm : (run Query database) : SQLSTATE[23000]: Integrity constraint violation: 1062 Duplicate entry 'admin@magazine.com' for key 'email'
May 28, 2020 10:15:40 pm : (run Query database) : SQLSTATE[23000]: Integrity constraint violation: 1062 Duplicate entry 'admin@magazine.com' for key 'email'
May 28, 2020 10:16:15 pm : (run Query database) : SQLSTATE[23000]: Integrity constraint violation: 1062 Duplicate entry 'admin@magazine.com' for key 'email'
May 28, 2020 10:42:36 pm : (run Query database) : SQLSTATE[23000]: Integrity constraint violation: 1062 Duplicate entry 'admin@magazine.com' for key 'email'
May 28, 2020 10:42:55 pm : (run Query database) : SQLSTATE[23000]: Integrity constraint violation: 1062 Duplicate entry 'admin@magazine.com' for key 'email'
